0 info it worked if it ends with ok
1 verbose cli [ '/usr/bin/node', '/usr/bin/npm', 'install', 'http-server', '-g' ]
2 info using npm@1.4.3
3 info using node@v0.10.26
4 verbose node symlink /usr/bin/node
5 verbose cache add [ 'http-server', null ]
6 verbose cache add name=undefined spec="http-server" args=["http-server",null]
7 verbose parsed url { protocol: null,
7 verbose parsed url   slashes: null,
7 verbose parsed url   auth: null,
7 verbose parsed url   host: null,
7 verbose parsed url   port: null,
7 verbose parsed url   hostname: null,
7 verbose parsed url   hash: null,
7 verbose parsed url   search: null,
7 verbose parsed url   query: null,
7 verbose parsed url   pathname: 'http-server',
7 verbose parsed url   path: 'http-server',
7 verbose parsed url   href: 'http-server' }
8 silly lockFile ed608307-http-server http-server
9 verbose lock http-server /home/lewis/.npm/ed608307-http-server.lock
10 silly lockFile ed608307-http-server http-server
11 silly lockFile ed608307-http-server http-server
12 verbose addNamed [ 'http-server', '' ]
13 verbose addNamed [ null, '*' ]
14 silly lockFile 550353c6-http-server http-server@
15 verbose lock http-server@ /home/lewis/.npm/550353c6-http-server.lock
16 silly addNameRange { name: 'http-server', range: '*', hasData: false }
17 verbose url raw http-server
18 verbose url resolving [ 'https://registry.npmjs.org/', './http-server' ]
19 verbose url resolved https://registry.npmjs.org/http-server
20 info trying registry request attempt 1 at 15:47:40
21 http GET https://registry.npmjs.org/http-server
22 http 200 https://registry.npmjs.org/http-server
23 silly registry.get cb [ 200,
23 silly registry.get   { date: 'Wed, 19 Mar 2014 22:47:40 GMT',
23 silly registry.get     server: 'CouchDB/1.5.0 (Erlang OTP/R16B)',
23 silly registry.get     etag: '"945XAJB64RH2988ZEY7SSU69A"',
23 silly registry.get     'content-type': 'application/json',
23 silly registry.get     via: '1.1 varnish',
23 silly registry.get     'cache-control': 'max-age=1',
23 silly registry.get     'content-length': '42361',
23 silly registry.get     'accept-ranges': 'bytes',
23 silly registry.get     age: '6887',
23 silly registry.get     'x-served-by': 'cache-v41-ASH, cache-lax1424-LAX',
23 silly registry.get     'x-cache': 'HIT, MISS',
23 silly registry.get     'x-cache-hits': '1, 0',
23 silly registry.get     'x-timer': 'S1395262373.250113964,VS0,VS-444,VE-434,VE6887169',
23 silly registry.get     vary: 'Accept',
23 silly registry.get     'keep-alive': 'timeout=10, max=50',
23 silly registry.get     connection: 'Keep-Alive' } ]
24 silly addNameRange number 2 { name: 'http-server', range: '*', hasData: true }
25 silly addNameRange versions [ 'http-server',
25 silly addNameRange   [ '0.1.0',
25 silly addNameRange     '0.1.1',
25 silly addNameRange     '0.1.3',
25 silly addNameRange     '0.2.1',
25 silly addNameRange     '0.2.2',
25 silly addNameRange     '0.2.3',
25 silly addNameRange     '0.2.4',
25 silly addNameRange     '0.2.5',
25 silly addNameRange     '0.2.6',
25 silly addNameRange     '0.2.9',
25 silly addNameRange     '0.3.0',
25 silly addNameRange     '0.4.0',
25 silly addNameRange     '0.4.1',
25 silly addNameRange     '0.5.0',
25 silly addNameRange     '0.5.1',
25 silly addNameRange     '0.5.2',
25 silly addNameRange     '0.5.3',
25 silly addNameRange     '0.5.5',
25 silly addNameRange     '0.6.0',
25 silly addNameRange     '0.6.1' ] ]
26 verbose addNamed [ 'http-server', '0.6.1' ]
27 verbose addNamed [ '0.6.1', '0.6.1' ]
28 silly lockFile 1e2b2518-http-server-0-6-1 http-server@0.6.1
29 verbose lock http-server@0.6.1 /home/lewis/.npm/1e2b2518-http-server-0-6-1.lock
30 silly lockFile c3f4b4b6-ttp-server-http-server-0-6-1-tgz https://registry.npmjs.org/http-server/-/http-server-0.6.1.tgz
31 verbose lock https://registry.npmjs.org/http-server/-/http-server-0.6.1.tgz /home/lewis/.npm/c3f4b4b6-ttp-server-http-server-0-6-1-tgz.lock
32 verbose addRemoteTarball [ 'https://registry.npmjs.org/http-server/-/http-server-0.6.1.tgz',
32 verbose addRemoteTarball   '06fce65cf2bd4132a578bdac62ffacb97d613981' ]
33 info retry fetch attempt 1 at 15:47:40
34 verbose fetch to= /home/lewis/tmp/npm-22793-HFsJZQ-U/1395269260558-0.8814107940997928/tmp.tgz
35 http GET https://registry.npmjs.org/http-server/-/http-server-0.6.1.tgz
36 http 200 https://registry.npmjs.org/http-server/-/http-server-0.6.1.tgz
37 verbose tar unpack /home/lewis/tmp/npm-22793-HFsJZQ-U/1395269260558-0.8814107940997928/tmp.tgz
38 silly lockFile 64b2703c-60558-0-8814107940997928-package tar:///home/lewis/tmp/npm-22793-HFsJZQ-U/1395269260558-0.8814107940997928/package
39 verbose lock tar:///home/lewis/tmp/npm-22793-HFsJZQ-U/1395269260558-0.8814107940997928/package /home/lewis/.npm/64b2703c-60558-0-8814107940997928-package.lock
40 silly lockFile 04f161d2-60558-0-8814107940997928-tmp-tgz tar:///home/lewis/tmp/npm-22793-HFsJZQ-U/1395269260558-0.8814107940997928/tmp.tgz
41 verbose lock tar:///home/lewis/tmp/npm-22793-HFsJZQ-U/1395269260558-0.8814107940997928/tmp.tgz /home/lewis/.npm/04f161d2-60558-0-8814107940997928-tmp-tgz.lock
42 silly gunzTarPerm modes [ '755', '644' ]
43 silly gunzTarPerm extractEntry package.json
44 silly gunzTarPerm extractEntry .npmignore
45 silly gunzTarPerm extractEntry README.md
46 silly gunzTarPerm extractEntry LICENSE
47 silly gunzTarPerm extractEntry bin/http-server
48 silly gunzTarPerm extractEntry lib/http-server.js
49 silly gunzTarPerm extractEntry public/404.html
50 silly gunzTarPerm extractEntry public/img/turtle.png
51 silly gunzTarPerm extractEntry public/index.html
52 silly gunzTarPerm extractEntry screenshots/directory.png
53 silly gunzTarPerm extractEntry screenshots/public.png
54 silly gunzTarPerm extractEntry screenshots/start.png
55 silly gunzTarPerm extractEntry test/http-server-test.js
56 silly gunzTarPerm extractEntry test/fixtures/root/canYouSeeMe
57 silly gunzTarPerm extractEntry test/fixtures/root/file
58 silly lockFile 64b2703c-60558-0-8814107940997928-package tar:///home/lewis/tmp/npm-22793-HFsJZQ-U/1395269260558-0.8814107940997928/package
59 silly lockFile 64b2703c-60558-0-8814107940997928-package tar:///home/lewis/tmp/npm-22793-HFsJZQ-U/1395269260558-0.8814107940997928/package
60 silly lockFile 04f161d2-60558-0-8814107940997928-tmp-tgz tar:///home/lewis/tmp/npm-22793-HFsJZQ-U/1395269260558-0.8814107940997928/tmp.tgz
61 silly lockFile 04f161d2-60558-0-8814107940997928-tmp-tgz tar:///home/lewis/tmp/npm-22793-HFsJZQ-U/1395269260558-0.8814107940997928/tmp.tgz
62 verbose tar pack [ '/home/lewis/.npm/http-server/0.6.1/package.tgz',
62 verbose tar pack   '/home/lewis/tmp/npm-22793-HFsJZQ-U/1395269260558-0.8814107940997928/package' ]
63 verbose tarball /home/lewis/.npm/http-server/0.6.1/package.tgz
64 verbose folder /home/lewis/tmp/npm-22793-HFsJZQ-U/1395269260558-0.8814107940997928/package
65 silly lockFile 64b2703c-60558-0-8814107940997928-package tar:///home/lewis/tmp/npm-22793-HFsJZQ-U/1395269260558-0.8814107940997928/package
66 verbose lock tar:///home/lewis/tmp/npm-22793-HFsJZQ-U/1395269260558-0.8814107940997928/package /home/lewis/.npm/64b2703c-60558-0-8814107940997928-package.lock
67 silly lockFile f4ff0163-pm-http-server-0-6-1-package-tgz tar:///home/lewis/.npm/http-server/0.6.1/package.tgz
68 verbose lock tar:///home/lewis/.npm/http-server/0.6.1/package.tgz /home/lewis/.npm/f4ff0163-pm-http-server-0-6-1-package-tgz.lock
69 silly lockFile 64b2703c-60558-0-8814107940997928-package tar:///home/lewis/tmp/npm-22793-HFsJZQ-U/1395269260558-0.8814107940997928/package
70 silly lockFile 64b2703c-60558-0-8814107940997928-package tar:///home/lewis/tmp/npm-22793-HFsJZQ-U/1395269260558-0.8814107940997928/package
71 silly lockFile f4ff0163-pm-http-server-0-6-1-package-tgz tar:///home/lewis/.npm/http-server/0.6.1/package.tgz
72 silly lockFile f4ff0163-pm-http-server-0-6-1-package-tgz tar:///home/lewis/.npm/http-server/0.6.1/package.tgz
73 silly lockFile 87cc6a2a-is-npm-http-server-0-6-1-package /home/lewis/.npm/http-server/0.6.1/package
74 verbose lock /home/lewis/.npm/http-server/0.6.1/package /home/lewis/.npm/87cc6a2a-is-npm-http-server-0-6-1-package.lock
75 silly lockFile 87cc6a2a-is-npm-http-server-0-6-1-package /home/lewis/.npm/http-server/0.6.1/package
76 silly lockFile 87cc6a2a-is-npm-http-server-0-6-1-package /home/lewis/.npm/http-server/0.6.1/package
77 verbose tar unpack /home/lewis/.npm/http-server/0.6.1/package.tgz
78 silly lockFile 21ee9c8d-is-npm-http-server-0-6-1-package tar:///home/lewis/.npm/http-server/0.6.1/package
79 verbose lock tar:///home/lewis/.npm/http-server/0.6.1/package /home/lewis/.npm/21ee9c8d-is-npm-http-server-0-6-1-package.lock
80 silly lockFile f4ff0163-pm-http-server-0-6-1-package-tgz tar:///home/lewis/.npm/http-server/0.6.1/package.tgz
81 verbose lock tar:///home/lewis/.npm/http-server/0.6.1/package.tgz /home/lewis/.npm/f4ff0163-pm-http-server-0-6-1-package-tgz.lock
82 silly gunzTarPerm modes [ '755', '644' ]
83 silly gunzTarPerm extractEntry package.json
84 silly gunzTarPerm extractEntry .npmignore
85 silly gunzTarPerm extractEntry README.md
86 silly gunzTarPerm extractEntry LICENSE
87 silly gunzTarPerm extractEntry bin/http-server
88 silly gunzTarPerm extractEntry lib/http-server.js
89 silly gunzTarPerm extractEntry public/404.html
90 silly gunzTarPerm extractEntry public/img/turtle.png
91 silly gunzTarPerm extractEntry public/index.html
92 silly gunzTarPerm extractEntry screenshots/directory.png
93 silly gunzTarPerm extractEntry screenshots/public.png
94 silly gunzTarPerm extractEntry screenshots/start.png
95 silly gunzTarPerm extractEntry test/http-server-test.js
96 silly gunzTarPerm extractEntry test/fixtures/root/canYouSeeMe
97 silly gunzTarPerm extractEntry test/fixtures/root/file
98 silly lockFile 21ee9c8d-is-npm-http-server-0-6-1-package tar:///home/lewis/.npm/http-server/0.6.1/package
99 silly lockFile 21ee9c8d-is-npm-http-server-0-6-1-package tar:///home/lewis/.npm/http-server/0.6.1/package
100 silly lockFile f4ff0163-pm-http-server-0-6-1-package-tgz tar:///home/lewis/.npm/http-server/0.6.1/package.tgz
101 silly lockFile f4ff0163-pm-http-server-0-6-1-package-tgz tar:///home/lewis/.npm/http-server/0.6.1/package.tgz
102 verbose chmod /home/lewis/.npm/http-server/0.6.1/package.tgz 644
103 verbose chown /home/lewis/.npm/http-server/0.6.1/package.tgz [ 1000, 1000 ]
104 silly lockFile c3f4b4b6-ttp-server-http-server-0-6-1-tgz https://registry.npmjs.org/http-server/-/http-server-0.6.1.tgz
105 silly lockFile c3f4b4b6-ttp-server-http-server-0-6-1-tgz https://registry.npmjs.org/http-server/-/http-server-0.6.1.tgz
106 silly lockFile 1e2b2518-http-server-0-6-1 http-server@0.6.1
107 silly lockFile 1e2b2518-http-server-0-6-1 http-server@0.6.1
108 silly lockFile 550353c6-http-server http-server@
109 silly lockFile 550353c6-http-server http-server@
110 silly resolved [ { name: 'http-server',
110 silly resolved     version: '0.6.1',
110 silly resolved     author: { name: 'Nodejitsu', email: 'support@nodejitsu.com' },
110 silly resolved     description: 'a simple zero-configuration command-line http server',
110 silly resolved     main: './lib/http-server',
110 silly resolved     repository:
110 silly resolved      { type: 'git',
110 silly resolved        url: 'git://github.com/nodeapps/http-server.git' },
110 silly resolved     keywords: [ 'cli', 'command' ],
110 silly resolved     scripts:
110 silly resolved      { start: 'node ./bin/http-server',
110 silly resolved        test: 'vows --spec --isolate' },
110 silly resolved     contributors:
110 silly resolved      [ [Object],
110 silly resolved        [Object],
110 silly resolved        [Object],
110 silly resolved        [Object],
110 silly resolved        [Object],
110 silly resolved        [Object],
110 silly resolved        [Object],
110 silly resolved        [Object] ],
110 silly resolved     dependencies:
110 silly resolved      { colors: '0.6.x',
110 silly resolved        optimist: '0.5.x',
110 silly resolved        union: '0.3.x',
110 silly resolved        ecstatic: '0.4.x',
110 silly resolved        portfinder: '0.2.x',
110 silly resolved        opener: '~1.3.0' },
110 silly resolved     devDependencies: { vows: '0.7.x', request: '2.21.x' },
110 silly resolved     bugs: { url: 'https://github.com/nodeapps/http-server/issues' },
110 silly resolved     licenses: [ [Object] ],
110 silly resolved     analyze: false,
110 silly resolved     preferGlobal: 'true',
110 silly resolved     bin: { 'http-server': './bin/http-server' },
110 silly resolved     readme: '# http-server: a command-line http server\n\n`http-server` is a simple, zero-configuration command-line http server.  It is powerful enough for production usage, but it\'s simple and hackable enough to be used for testing, local development, and learning.\n\n![](https://github.com/nodeapps/http-server/raw/master/screenshots/public.png)\n\n# Installing globally:\n\nInstallation via `npm`.  If you don\'t have `npm` yet:\n\n     curl https://npmjs.org/install.sh | sh\n     \nOnce you have `npm`:\n\n     npm install http-server -g\n     \nThis will install `http-server` globally so that it may be run from the command line.\n\n## Usage:\n\n     http-server [path] [options]\n\n`[path]` defaults to `./public` if the folder exists, and `./` otherwise.\n\n# Installing as a node app\n\n     mkdir myapp\n     cd myapp/\n     jitsu install http-server\n\n*If you do not have `jitsu` installed you can install it via `npm install jitsu -g`*\n\n## Usage\n\n### Starting http-server locally\n\n     node bin/http-server\n\n*Now you can visit http://localhost:8080 to view your server*\n\n### Deploy http-server to nodejitsu\n\n     jitsu deploy\n\n*You will now be prompted for a `subdomain` to deploy your application on*\n\n## Available Options:\n\n`-p` Port to listen for connections on (defaults to 8080)\n\n`-a` Address to bind to (defaults to \'0.0.0.0\')\n\n`-d` Show directory listings (defaults to \'True\')\n\n`-i` Display autoIndex (defaults to \'True\')\n\n`-e` or `--ext` Default file extension (defaults to \'html\')\n\n`-s` or `--silent` In silent mode, log messages aren\'t logged to the console.\n\n`-h` or `--help` Displays a list of commands and exits.\n\n`-c` Set cache time (in seconds) for cache-control max-age header, e.g. -c10 for 10 seconds. To disable caching, use -c-1.\n',
110 silly resolved     readmeFilename: 'README.md',
110 silly resolved     homepage: 'https://github.com/nodeapps/http-server',
110 silly resolved     _id: 'http-server@0.6.1',
110 silly resolved     dist: { shasum: 'cd4893887e7807b0efcf54bd5d19c35e912a0f18' },
110 silly resolved     _from: 'http-server@',
110 silly resolved     _resolved: 'https://registry.npmjs.org/http-server/-/http-server-0.6.1.tgz' } ]
111 info install http-server@0.6.1 into /usr/lib
112 info installOne http-server@0.6.1
113 info /usr/lib/node_modules/http-server unbuild
114 verbose tar unpack /home/lewis/.npm/http-server/0.6.1/package.tgz
115 silly lockFile c4aa20d2-usr-lib-node-modules-http-server tar:///usr/lib/node_modules/http-server
116 verbose lock tar:///usr/lib/node_modules/http-server /home/lewis/.npm/c4aa20d2-usr-lib-node-modules-http-server.lock
117 silly lockFile f4ff0163-pm-http-server-0-6-1-package-tgz tar:///home/lewis/.npm/http-server/0.6.1/package.tgz
118 verbose lock tar:///home/lewis/.npm/http-server/0.6.1/package.tgz /home/lewis/.npm/f4ff0163-pm-http-server-0-6-1-package-tgz.lock
119 silly gunzTarPerm modes [ '755', '644' ]
120 error Error: EACCES, mkdir '/usr/lib/node_modules/http-server'
120 error  { [Error: EACCES, mkdir '/usr/lib/node_modules/http-server']
120 error   errno: 3,
120 error   code: 'EACCES',
120 error   path: '/usr/lib/node_modules/http-server',
120 error   fstream_type: 'Directory',
120 error   fstream_path: '/usr/lib/node_modules/http-server',
120 error   fstream_class: 'DirWriter',
120 error   fstream_stack:
120 error    [ '/usr/lib/node_modules/npm/node_modules/fstream/lib/dir-writer.js:36:23',
120 error      '/usr/lib/node_modules/npm/node_modules/mkdirp/index.js:37:53',
120 error      'Object.oncomplete (fs.js:107:15)' ] }
121 error Please try running this command again as root/Administrator.
122 error System Linux 3.5.0-47-generic
123 error command "/usr/bin/node" "/usr/bin/npm" "install" "http-server" "-g"
124 error cwd /home/lewis/github/OnRamp
125 error node -v v0.10.26
126 error npm -v 1.4.3
127 error path /usr/lib/node_modules/http-server
128 error fstream_path /usr/lib/node_modules/http-server
129 error fstream_type Directory
130 error fstream_class DirWriter
131 error code EACCES
132 error errno 3
133 error stack Error: EACCES, mkdir '/usr/lib/node_modules/http-server'
134 error fstream_stack /usr/lib/node_modules/npm/node_modules/fstream/lib/dir-writer.js:36:23
134 error fstream_stack /usr/lib/node_modules/npm/node_modules/mkdirp/index.js:37:53
134 error fstream_stack Object.oncomplete (fs.js:107:15)
135 verbose exit [ 3, true ]
